<?xml version="1.0" encoding="UTF-8"?>
<testsuite name="com.aor.numbers.PositiveFilterTest" tests="4" skipped="0" failures="0" errors="0" timestamp="2023-10-15T21:11:13" hostname="alexandre-ThinkPad-E15-Gen-3" time="0.004">
  <properties/>
  <testcase name="test1()" classname="com.aor.numbers.PositiveFilterTest" time="0.0"/>
  <testcase name="test2()" classname="com.aor.numbers.PositiveFilterTest" time="0.0"/>
  <testcase name="test3()" classname="com.aor.numbers.PositiveFilterTest" time="0.0"/>
  <testcase name="test4()" classname="com.aor.numbers.PositiveFilterTest" time="0.001"/>
  <system-out><![CDATA[]]></system-out>
  <system-err><![CDATA[]]></system-err>
</testsuite>
